# JRE version: OpenJDK Runtime Environment (11.0.8+10) (build 11.0.8+10-b944.6842174)
# Java VM: OpenJDK 64-Bit Server VM (11.0.8+10-b944.6842174, mixed mode, tiered, compressed oops, g1 gc, windows-amd64)
Heap:
 garbage-first heap   total 1041408K, used 244736K [0x0000000080000000, 0x0000000100000000)
  region size 1024K, 7 young (7168K), 7 survivors (7168K)
 Metaspace       used 136446K, capacity 139892K, committed 142668K, reserved 1173504K
  class space    used 16719K, capacity 17992K, committed 19072K, reserved 1048576K
GC Heap History (20 events):
Event: 99.337 GC heap before
{Heap before GC invocations=73 (full 0):
 garbage-first heap   total 288768K, used 237048K [0x0000000080000000, 0x0000000100000000)
  region size 1024K, 57 young (58368K), 6 survivors (6144K)
 Metaspace       used 136403K, capacity 140564K, committed 142540K, reserved 1173504K
  class space    used 17214K, capacity 18925K, committed 18944K, reserved 1048576K
}
Event: 99.375 GC heap after
{Heap after GC invocations=74 (full 0):
 garbage-first heap   total 288768K, used 188767K [0x0000000080000000, 0x0000000100000000)
  region size 1024K, 6 young (6144K), 6 survivors (6144K)
 Metaspace       used 136403K, capacity 140564K, committed 142540K, reserved 1173504K
  class space    used 17214K, capacity 18925K, committed 18944K, reserved 1048576K
}
Event: 99.699 GC heap before
{Heap before GC invocations=74 (full 0):
 garbage-first heap   total 288768K, used 237919K [0x0000000080000000, 0x0000000100000000)
  region size 1024K, 55 young (56320K), 6 survivors (6144K)
 Metaspace       used 137362K, capacity 141564K, committed 142540K, reserved 1173504K
  class space    used 17220K, capacity 18925K, committed 18944K, reserved 1048576K
}
Event: 99.726 GC heap after
{Heap after GC invocations=75 (full 0):
 garbage-first heap   total 288768K, used 198831K [0x0000000080000000, 0x0000000100000000)
  region size 1024K, 7 young (7168K), 7 survivors (7168K)
 Metaspace       used 137362K, capacity 141564K, committed 142540K, reserved 1173504K
  class space    used 17220K, capacity 18925K, committed 18944K, reserved 1048576K
}
Event: 99.837 GC heap before
{Heap before GC invocations=75 (full 0):
 garbage-first heap   total 288768K, used 239791K [0x0000000080000000, 0x0000000100000000)
  region size 1024K, 48 young (49152K), 7 survivors (7168K)
 Metaspace       used 137571K, capacity 141776K, committed 142540K, reserved 1173504K
  class space    used 17223K, capacity 18927K, committed 18944K, reserved 1048576K
}
Event: 99.845 GC heap after
{Heap after GC invocations=76 (full 0):
 garbage-first heap   total 288768K, used 203776K [0x0000000080000000, 0x0000000100000000)
  region size 1024K, 6 young (6144K), 6 survivors (6144K)
 Metaspace       used 137571K, capacity 141776K, committed 142540K, reserved 1173504K
  class space    used 17223K, capacity 18927K, committed 18944K, reserved 1048576K
}
Event: 99.878 GC heap before
{Heap before GC invocations=76 (full 0):
 garbage-first heap   total 288768K, used 240640K [0x0000000080000000, 0x0000000100000000)
  region size 1024K, 43 young (44032K), 6 survivors (6144K)
 Metaspace       used 137609K, capacity 141780K, committed 142540K, reserved 1173504K
  class space    used 17223K, capacity 18927K, committed 18944K, reserved 1048576K
}
Event: 99.886 GC heap after
{Heap after GC invocations=77 (full 0):
 garbage-first heap   total 288768K, used 210944K [0x0000000080000000, 0x0000000100000000)
  region size 1024K, 6 young (6144K), 6 survivors (6144K)
 Metaspace       used 137609K, capacity 141780K, committed 142540K, reserved 1173504K
  class space    used 17223K, capacity 18927K, committed 18944K, reserved 1048576K
}
Event: 99.927 GC heap before
{Heap before GC invocations=77 (full 0):
 garbage-first heap   total 288768K, used 242688K [0x0000000080000000, 0x0000000100000000)
  region size 1024K, 38 young (38912K), 6 survivors (6144K)
 Metaspace       used 137622K, capacity 141793K, committed 142540K, reserved 1173504K
  class space    used 17225K, capacity 18931K, committed 18944K, reserved 1048576K
}
Event: 99.934 GC heap after
{Heap after GC invocations=78 (full 0):
 garbage-first heap   total 288768K, used 217336K [0x0000000080000000, 0x0000000100000000)
  region size 1024K, 5 young (5120K), 5 survivors (5120K)
 Metaspace       used 137622K, capacity 141793K, committed 142540K, reserved 1173504K
  class space    used 17225K, capacity 18931K, committed 18944K, reserved 1048576K
}
Event: 99.972 GC heap before
{Heap before GC invocations=78 (full 0):
 garbage-first heap   total 288768K, used 243960K [0x0000000080000000, 0x0000000100000000)
  region size 1024K, 32 young (32768K), 5 survivors (5120K)
 Metaspace       used 137644K, capacity 141798K, committed 142540K, reserved 1173504K
  class space    used 17228K, capacity 18932K, committed 18944K, reserved 1048576K
}
Event: 99.981 GC heap after
{Heap after GC invocations=79 (full 0):
 garbage-first heap   total 288768K, used 221736K [0x0000000080000000, 0x0000000100000000)
  region size 1024K, 4 young (4096K), 4 survivors (4096K)
 Metaspace       used 137644K, capacity 141798K, committed 142540K, reserved 1173504K
  class space    used 17228K, capacity 18932K, committed 18944K, reserved 1048576K
}
Event: 100.070 GC heap before
{Heap before GC invocations=79 (full 0):
 garbage-first heap   total 288768K, used 246312K [0x0000000080000000, 0x0000000100000000)
  region size 1024K, 29 young (29696K), 4 survivors (4096K)
 Metaspace       used 137732K, capacity 141895K, committed 142540K, reserved 1173504K
  class space    used 17241K, capacity 18943K, committed 18944K, reserved 1048576K
}
Event: 100.075 GC heap after
{Heap after GC invocations=80 (full 0):
 garbage-first heap   total 288768K, used 223081K [0x0000000080000000, 0x0000000100000000)
  region size 1024K, 3 young (3072K), 3 survivors (3072K)
 Metaspace       used 137732K, capacity 141895K, committed 142540K, reserved 1173504K
  class space    used 17241K, capacity 18943K, committed 18944K, reserved 1048576K
}
Event: 100.176 GC heap before
{Heap before GC invocations=80 (full 0):
 garbage-first heap   total 288768K, used 241513K [0x0000000080000000, 0x0000000100000000)
  region size 1024K, 27 young (27648K), 3 survivors (3072K)
 Metaspace       used 136218K, capacity 139622K, committed 142540K, reserved 1173504K
  class space    used 16692K, capacity 17946K, committed 18944K, reserved 1048576K
}
Event: 100.180 GC heap after
{Heap after GC invocations=81 (full 0):
 garbage-first heap   total 288768K, used 219383K [0x0000000080000000, 0x0000000100000000)
  region size 1024K, 4 young (4096K), 4 survivors (4096K)
 Metaspace       used 136218K, capacity 139622K, committed 142540K, reserved 1173504K
  class space    used 16692K, capacity 17946K, committed 18944K, reserved 1048576K
}
Event: 100.215 GC heap before
{Heap before GC invocations=82 (full 0):
 garbage-first heap   total 288768K, used 246007K [0x0000000080000000, 0x0000000100000000)
  region size 1024K, 31 young (31744K), 4 survivors (4096K)
 Metaspace       used 136269K, capacity 139626K, committed 142540K, reserved 1173504K
  class space    used 16694K, capacity 17948K, committed 18944K, reserved 1048576K
}
Event: 100.221 GC heap after
{Heap after GC invocations=83 (full 0):
 garbage-first heap   total 347136K, used 222314K [0x0000000080000000, 0x0000000100000000)
  region size 1024K, 4 young (4096K), 4 survivors (4096K)
 Metaspace       used 136269K, capacity 139626K, committed 142540K, reserved 1173504K
  class space    used 16694K, capacity 17948K, committed 18944K, reserved 1048576K
}
Event: 100.232 GC heap before
{Heap before GC invocations=83 (full 0):
 garbage-first heap   total 347136K, used 234602K [0x0000000080000000, 0x0000000100000000)
  region size 1024K, 16 young (16384K), 4 survivors (4096K)
 Metaspace       used 136279K, capacity 139643K, committed 142540K, reserved 1173504K
  class space    used 16697K, capacity 17953K, committed 18944K, reserved 1048576K
}
Event: 100.244 GC heap after
{Heap after GC invocations=84 (full 0):
 garbage-first heap   total 347136K, used 204933K [0x0000000080000000, 0x0000000100000000)
  region size 1024K, 2 young (2048K), 2 survivors (2048K)
 Metaspace       used 136279K, capacity 139643K, committed 142540K, reserved 1173504K
  class space    used 16697K, capacity 17953K, committed 18944K, reserved 1048576K
}

